2017-12-27-16-11-27 - INFO - testCaseGenerationOrchestartor - reader_orchestrator- *****Initializing..........
2017-12-27-16-11-27 - INFO - testCaseGenerationOrchestartor - reader_orchestrator- *****START=Mapping File Validation...
2017-12-27-16-11-29 - INFO - testCaseGenerationOrchestartor - reader_orchestrator- *****END=Mapping file validation.
2017-12-27-16-11-31 - INFO - testCaseGenerationValidator - validate_workbook_dtls- *****START=Mapping file field level validation.
2017-12-27-16-11-31 - INFO - testCaseGenerationValidator - validate_status- Status Validation complete
2017-12-27-16-11-31 - INFO - testCaseGenerationValidator - validate_special_char- Source File format Validation complete.
2017-12-27-16-11-31 - INFO - testCaseGenerationValidator - validate_target_blank- Target table/column not null Validation complete.
2017-12-27-16-11-31 - INFO - testCaseGenerationValidator - validate_process_category- Process category Validation complete.
2017-12-27-16-11-31 - INFO - testCaseGenerationValidator - validate_case_step- Transform rule format validation complete.
2017-12-27-16-11-32 - INFO - testCaseGenerationValidator - validate_not_null_default- Not Null default Validation validation.
2017-12-27-16-11-32 - INFO - testCaseGenerationValidator - validate_source_dtls- Source table/column not null Validation complete.
2017-12-27-16-11-32 - INFO - testCaseGenerationValidator - validate_duplicate- Duplicate mapping Validation complete.
2017-12-27-16-11-32 - INFO - testCaseGenerationValidator - validate_column_format- column name format Validation complete.
2017-12-27-16-11-35 - INFO - testCaseGenerationValidator - validate_offset- Offset Validation complete.
2017-12-27-16-11-35 - INFO - testCaseGenerationValidator - validate_workbook_dtls- *****END=Mapping file field level validation.
2017-12-27-16-11-35 - INFO - testCaseGenerationAuditor - log_audit- validation - **AUDIT INFO** - 794 Records processed for Validation Status "Y"
2017-12-27-16-11-35 - INFO - testCaseGenerationAuditor - log_audit- validation - **AUDIT INFO** - 17 Records processed for Validation Status "N"
2017-12-27-16-11-35 - INFO - testCaseGenerationBaseParser - parse_data- *****START=Parsing text
2017-12-27-16-11-35 - INFO - testCaseGenerationBaseParser - baseparser_for_rdmjoinType- *****START=Parse text for rdmjoinType
2017-12-27-16-11-35 - INFO - testCaseGenerationBaseParser - baseparser_for_rdmjoinType- *****END=Parse text for rdmjoinType
2017-12-27-16-11-35 - INFO - testCaseGenerationTestSQLGenerator - sqlgenerator_for_rdmjoinType- *****START=Generating Queries for rdmjoinType
2017-12-27-16-11-35 - INFO - testCaseGenerationTestSQLGenerator - sqlgenerator_for_rdmjoinType- *****END=Completed generating Queries for rdmjoinType
2017-12-27-16-11-35 - INFO - testCaseGenerationBaseParser - baseparser_for_defaultType- *****START=Parse text for Default Type
2017-12-27-16-11-35 - INFO - testCaseGenerationBaseParser - baseparser_for_defaultType- *****END=Parse text for Default Type
2017-12-27-16-11-35 - INFO - testCaseGenerationTestSQLGenerator - SQLGeneratorforDefaultType- *****START=Generating Queries for Default Type
2017-12-27-16-11-35 - INFO - testCaseGenerationTestSQLGenerator - SQLGeneratorforDefaultType- *****END=Completed generating Queries for Default Type
2017-12-27-16-11-35 - INFO - testCaseGenerationBaseParser - baseparser_for_straightType- *****START=Parse text for Straight Type
2017-12-27-16-12-03 - INFO - testCaseGenerationBaseParser - baseparser_for_straightType- *****END=Parse text for Straight Type
2017-12-27-16-12-03 - INFO - testCaseGenerationTestSQLGenerator - SQLGeneratorforStraightType- *****START=Generating Queries for Straight Type
2017-12-27-16-12-40 - INFO - testCaseGenerationTestSQLGenerator - SQLGeneratorforStraightType- *****END=Completed generating Queries for Straight Type
2017-12-27-16-12-40 - INFO - testCaseGenerationBaseParser - baseparser_for_generic- *****START=Parse text for Generic
2017-12-27-16-12-42 - INFO - testCaseGenerationBaseParser - baseparser_for_generic- *****END=Parse text for Generic
2017-12-27-16-12-42 - INFO - testCaseGenerationTestSQLGenerator - sqlgenerator_for_genericType- *****START=Generating Queries for generic Type
2017-12-27-16-12-42 - INFO - testCaseGenerationTestSQLGenerator - sqlgenerator_for_genericType- *****END=Completed generating Queries for generic Type
2017-12-27-16-12-42 - INFO - testCaseGenerationBaseParser - baseparser_for_TransformType- *****START=Parse text for Transform Type
2017-12-27-16-12-42 - INFO - testCaseGenerationBaseParser - baseparser_for_TransformType- *****END=Parse text for Transform Type
2017-12-27-16-12-42 - INFO - testCaseGenerationTestSQLGenerator - sqlgenerator_for_TransformType- *****START=Generating Queries for Transform Type
2017-12-27-16-12-42 - INFO - testCaseGenerationTestSQLGenerator - sqlgenerator_for_TransformType- *****END=Completed generating Queries for Transform Type
2017-12-27-16-12-42 - INFO - testCaseGenerationBaseParser - parse_data- *****END=Parsing text
2017-12-27-16-12-42 - INFO - testCaseGenerationTestCaseClassifier - classify_testCases- *****START=Classify generated test cases.
2017-12-27-16-12-43 - INFO - testCaseGenerationAuditor - log_audit- classify - **AUDIT INFO** - 26 Records processed for ProcessCategory "GENERIC"
2017-12-27-16-12-43 - INFO - testCaseGenerationAuditor - log_audit- classify - **AUDIT INFO** - 615 Records processed for ProcessCategory "STRAIGHT"
2017-12-27-16-12-43 - INFO - testCaseGenerationTestCaseClassifier - classify_testCases- *****END=Classify generated test cases.
2017-12-27-16-12-43 - INFO - testCaseGenerationXLSWriter - write_xls_classification- Testcase classification generated.
2017-12-27-16-12-52 - INFO - testCaseGenerationOrchestartor - reader_orchestrator- *****Processing Complete..........
2017-12-27-16-19-17 - INFO - testCaseGenerationOrchestartor - reader_orchestrator- *****Initializing..........
2017-12-27-16-19-17 - INFO - testCaseGenerationOrchestartor - reader_orchestrator- *****START=Mapping File Validation...
2017-12-27-16-19-19 - INFO - testCaseGenerationOrchestartor - reader_orchestrator- *****END=Mapping file validation.
2017-12-27-16-19-20 - INFO - testCaseGenerationValidator - validate_workbook_dtls- *****START=Mapping file field level validation.
2017-12-27-16-19-20 - INFO - testCaseGenerationValidator - validate_status- Status Validation complete
2017-12-27-16-19-21 - INFO - testCaseGenerationValidator - validate_special_char- Source File format Validation complete.
2017-12-27-16-19-21 - INFO - testCaseGenerationValidator - validate_target_blank- Target table/column not null Validation complete.
2017-12-27-16-19-21 - INFO - testCaseGenerationValidator - validate_process_category- Process category Validation complete.
2017-12-27-16-19-21 - INFO - testCaseGenerationValidator - validate_case_step- Transform rule format validation complete.
2017-12-27-16-19-21 - INFO - testCaseGenerationValidator - validate_not_null_default- Not Null default Validation validation.
2017-12-27-16-19-21 - INFO - testCaseGenerationValidator - validate_source_dtls- Source table/column not null Validation complete.
2017-12-27-16-19-21 - INFO - testCaseGenerationValidator - validate_duplicate- Duplicate mapping Validation complete.
2017-12-27-16-19-21 - INFO - testCaseGenerationValidator - validate_column_format- column name format Validation complete.
2017-12-27-16-19-24 - INFO - testCaseGenerationValidator - validate_offset- Offset Validation complete.
2017-12-27-16-19-24 - INFO - testCaseGenerationValidator - validate_workbook_dtls- *****END=Mapping file field level validation.
2017-12-27-16-19-24 - INFO - testCaseGenerationAuditor - log_audit- validation - **AUDIT INFO** - 794 Records processed for Validation Status "Y"
2017-12-27-16-19-24 - INFO - testCaseGenerationAuditor - log_audit- validation - **AUDIT INFO** - 17 Records processed for Validation Status "N"
2017-12-27-16-19-24 - INFO - testCaseGenerationBaseParser - parse_data- *****START=Parsing text
2017-12-27-16-19-24 - INFO - testCaseGenerationBaseParser - baseparser_for_rdmjoinType- *****START=Parse text for rdmjoinType
2017-12-27-16-19-24 - INFO - testCaseGenerationBaseParser - baseparser_for_rdmjoinType- *****END=Parse text for rdmjoinType
2017-12-27-16-19-24 - INFO - testCaseGenerationTestSQLGenerator - sqlgenerator_for_rdmjoinType- *****START=Generating Queries for rdmjoinType
2017-12-27-16-19-24 - INFO - testCaseGenerationTestSQLGenerator - sqlgenerator_for_rdmjoinType- *****END=Completed generating Queries for rdmjoinType
2017-12-27-16-19-24 - INFO - testCaseGenerationBaseParser - baseparser_for_defaultType- *****START=Parse text for Default Type
2017-12-27-16-19-24 - INFO - testCaseGenerationBaseParser - baseparser_for_defaultType- *****END=Parse text for Default Type
2017-12-27-16-19-24 - INFO - testCaseGenerationTestSQLGenerator - SQLGeneratorforDefaultType- *****START=Generating Queries for Default Type
2017-12-27-16-19-24 - INFO - testCaseGenerationTestSQLGenerator - SQLGeneratorforDefaultType- *****END=Completed generating Queries for Default Type
2017-12-27-16-19-24 - INFO - testCaseGenerationBaseParser - baseparser_for_straightType- *****START=Parse text for Straight Type
2017-12-27-16-19-52 - INFO - testCaseGenerationBaseParser - baseparser_for_straightType- *****END=Parse text for Straight Type
2017-12-27-16-19-52 - INFO - testCaseGenerationTestSQLGenerator - SQLGeneratorforStraightType- *****START=Generating Queries for Straight Type
2017-12-27-16-20-30 - INFO - testCaseGenerationTestSQLGenerator - SQLGeneratorforStraightType- *****END=Completed generating Queries for Straight Type
2017-12-27-16-20-30 - INFO - testCaseGenerationBaseParser - baseparser_for_generic- *****START=Parse text for Generic
2017-12-27-16-20-32 - INFO - testCaseGenerationBaseParser - baseparser_for_generic- *****END=Parse text for Generic
2017-12-27-16-20-32 - INFO - testCaseGenerationTestSQLGenerator - sqlgenerator_for_genericType- *****START=Generating Queries for generic Type
2017-12-27-16-20-32 - INFO - testCaseGenerationTestSQLGenerator - sqlgenerator_for_genericType- *****END=Completed generating Queries for generic Type
2017-12-27-16-20-32 - INFO - testCaseGenerationBaseParser - baseparser_for_TransformType- *****START=Parse text for Transform Type
2017-12-27-16-20-32 - INFO - testCaseGenerationBaseParser - baseparser_for_TransformType- *****END=Parse text for Transform Type
2017-12-27-16-20-32 - INFO - testCaseGenerationTestSQLGenerator - sqlgenerator_for_TransformType- *****START=Generating Queries for Transform Type
2017-12-27-16-20-32 - INFO - testCaseGenerationTestSQLGenerator - sqlgenerator_for_TransformType- *****END=Completed generating Queries for Transform Type
2017-12-27-16-20-32 - INFO - testCaseGenerationBaseParser - parse_data- *****END=Parsing text
2017-12-27-16-20-32 - INFO - testCaseGenerationTestCaseClassifier - classify_testCases- *****START=Classify generated test cases.
2017-12-27-16-20-33 - INFO - testCaseGenerationAuditor - log_audit- classify - **AUDIT INFO** - 26 Records processed for ProcessCategory "GENERIC"
2017-12-27-16-20-33 - INFO - testCaseGenerationAuditor - log_audit- classify - **AUDIT INFO** - 615 Records processed for ProcessCategory "STRAIGHT"
2017-12-27-16-20-33 - INFO - testCaseGenerationTestCaseClassifier - classify_testCases- *****END=Classify generated test cases.
2017-12-27-16-20-33 - INFO - testCaseGenerationXLSWriter - write_xls_classification- Testcase classification generated.
2017-12-27-16-20-42 - INFO - testCaseGenerationOrchestartor - reader_orchestrator- *****Processing Complete..........
2017-12-27-18-14-52 - INFO - testCaseGenerationOrchestartor - reader_orchestrator- *****Initializing..........
2017-12-27-18-14-52 - INFO - testCaseGenerationOrchestartor - reader_orchestrator- *****START=Mapping File Validation...
2017-12-27-18-14-54 - INFO - testCaseGenerationOrchestartor - reader_orchestrator- *****END=Mapping file validation.
2017-12-27-18-14-55 - INFO - testCaseGenerationValidator - validate_workbook_dtls- *****START=Mapping file field level validation.
2017-12-27-18-14-55 - INFO - testCaseGenerationValidator - validate_status- Status Validation complete
2017-12-27-18-14-56 - INFO - testCaseGenerationValidator - validate_special_char- Source File format Validation complete.
2017-12-27-18-14-56 - INFO - testCaseGenerationValidator - validate_target_blank- Target table/column not null Validation complete.
2017-12-27-18-14-56 - INFO - testCaseGenerationValidator - validate_process_category- Process category Validation complete.
2017-12-27-18-14-56 - INFO - testCaseGenerationValidator - validate_case_step- Transform rule format validation complete.
2017-12-27-18-14-56 - INFO - testCaseGenerationValidator - validate_not_null_default- Not Null default Validation validation.
2017-12-27-18-14-56 - INFO - testCaseGenerationValidator - validate_source_dtls- Source table/column not null Validation complete.
2017-12-27-18-14-56 - INFO - testCaseGenerationValidator - validate_duplicate- Duplicate mapping Validation complete.
2017-12-27-18-14-56 - INFO - testCaseGenerationValidator - validate_column_format- column name format Validation complete.
2017-12-27-18-14-57 - INFO - testCaseGenerationOrchestartor - reader_orchestrator- *****Initializing..........
2017-12-27-18-14-57 - INFO - testCaseGenerationOrchestartor - reader_orchestrator- *****START=Mapping File Validation...
2017-12-27-18-14-58 - INFO - testCaseGenerationOrchestartor - reader_orchestrator- *****END=Mapping file validation.
2017-12-27-18-15-00 - INFO - testCaseGenerationValidator - validate_workbook_dtls- *****START=Mapping file field level validation.
2017-12-27-18-15-00 - INFO - testCaseGenerationValidator - validate_status- Status Validation complete
2017-12-27-18-15-00 - INFO - testCaseGenerationValidator - validate_special_char- Source File format Validation complete.
2017-12-27-18-15-00 - INFO - testCaseGenerationValidator - validate_target_blank- Target table/column not null Validation complete.
2017-12-27-18-15-00 - INFO - testCaseGenerationValidator - validate_process_category- Process category Validation complete.
2017-12-27-18-15-00 - INFO - testCaseGenerationValidator - validate_case_step- Transform rule format validation complete.
2017-12-27-18-15-00 - INFO - testCaseGenerationValidator - validate_not_null_default- Not Null default Validation validation.
2017-12-27-18-15-00 - INFO - testCaseGenerationValidator - validate_source_dtls- Source table/column not null Validation complete.
2017-12-27-18-15-01 - INFO - testCaseGenerationValidator - validate_duplicate- Duplicate mapping Validation complete.
2017-12-27-18-15-01 - INFO - testCaseGenerationValidator - validate_column_format- column name format Validation complete.
2017-12-27-18-15-03 - INFO - testCaseGenerationValidator - validate_offset- Offset Validation complete.
2017-12-27-18-15-03 - INFO - testCaseGenerationValidator - validate_workbook_dtls- *****END=Mapping file field level validation.
2017-12-27-18-15-03 - INFO - testCaseGenerationAuditor - log_audit- validation - **AUDIT INFO** - 794 Records processed for Validation Status "Y"
2017-12-27-18-15-03 - INFO - testCaseGenerationAuditor - log_audit- validation - **AUDIT INFO** - 17 Records processed for Validation Status "N"
2017-12-27-18-15-03 - INFO - testCaseGenerationBaseParser - parse_data- *****START=Parsing text
2017-12-27-18-15-03 - INFO - testCaseGenerationBaseParser - baseparser_for_rdmjoinType- *****START=Parse text for rdmjoinType
2017-12-27-18-15-03 - INFO - testCaseGenerationBaseParser - baseparser_for_rdmjoinType- *****END=Parse text for rdmjoinType
2017-12-27-18-15-03 - INFO - testCaseGenerationTestSQLGenerator - sqlgenerator_for_rdmjoinType- *****START=Generating Queries for rdmjoinType
2017-12-27-18-15-03 - INFO - testCaseGenerationTestSQLGenerator - sqlgenerator_for_rdmjoinType- *****END=Completed generating Queries for rdmjoinType
2017-12-27-18-15-03 - INFO - testCaseGenerationBaseParser - baseparser_for_defaultType- *****START=Parse text for Default Type
2017-12-27-18-15-03 - INFO - testCaseGenerationBaseParser - baseparser_for_defaultType- *****END=Parse text for Default Type
2017-12-27-18-15-03 - INFO - testCaseGenerationTestSQLGenerator - SQLGeneratorforDefaultType- *****START=Generating Queries for Default Type
2017-12-27-18-15-03 - INFO - testCaseGenerationTestSQLGenerator - SQLGeneratorforDefaultType- *****END=Completed generating Queries for Default Type
2017-12-27-18-15-03 - INFO - testCaseGenerationBaseParser - baseparser_for_straightType- *****START=Parse text for Straight Type
2017-12-27-18-15-32 - INFO - testCaseGenerationBaseParser - baseparser_for_straightType- *****END=Parse text for Straight Type
2017-12-27-18-15-32 - INFO - testCaseGenerationTestSQLGenerator - SQLGeneratorforStraightType- *****START=Generating Queries for Straight Type
2017-12-27-18-16-24 - INFO - testCaseGenerationTestSQLGenerator - SQLGeneratorforStraightType- *****END=Completed generating Queries for Straight Type
2017-12-27-18-16-24 - INFO - testCaseGenerationBaseParser - baseparser_for_generic- *****START=Parse text for Generic
2017-12-27-18-16-26 - INFO - testCaseGenerationBaseParser - baseparser_for_generic- *****END=Parse text for Generic
2017-12-27-18-16-26 - INFO - testCaseGenerationTestSQLGenerator - sqlgenerator_for_genericType- *****START=Generating Queries for generic Type
2017-12-27-18-16-26 - INFO - testCaseGenerationTestSQLGenerator - sqlgenerator_for_genericType- *****END=Completed generating Queries for generic Type
2017-12-27-18-16-26 - INFO - testCaseGenerationBaseParser - baseparser_for_TransformType- *****START=Parse text for Transform Type
2017-12-27-18-16-26 - INFO - testCaseGenerationBaseParser - baseparser_for_TransformType- *****END=Parse text for Transform Type
2017-12-27-18-16-26 - INFO - testCaseGenerationTestSQLGenerator - sqlgenerator_for_TransformType- *****START=Generating Queries for Transform Type
2017-12-27-18-16-26 - INFO - testCaseGenerationTestSQLGenerator - sqlgenerator_for_TransformType- *****END=Completed generating Queries for Transform Type
2017-12-27-18-16-26 - INFO - testCaseGenerationBaseParser - parse_data- *****END=Parsing text
2017-12-27-18-16-26 - INFO - testCaseGenerationTestCaseClassifier - classify_testCases- *****START=Classify generated test cases.
2017-12-27-18-16-27 - INFO - testCaseGenerationAuditor - log_audit- classify - **AUDIT INFO** - 26 Records processed for ProcessCategory "GENERIC"
2017-12-27-18-16-27 - INFO - testCaseGenerationAuditor - log_audit- classify - **AUDIT INFO** - 615 Records processed for ProcessCategory "STRAIGHT"
2017-12-27-18-16-27 - INFO - testCaseGenerationTestCaseClassifier - classify_testCases- *****END=Classify generated test cases.
2017-12-27-18-16-27 - INFO - testCaseGenerationXLSWriter - write_xls_classification- Testcase classification generated.
2017-12-27-18-16-38 - INFO - testCaseGenerationOrchestartor - reader_orchestrator- *****Processing Complete..........
